wandb: [wandb.login()] Using explicit session credentials for https://api.wandb.ai.
wandb: Appending key for api.wandb.ai to your netrc file: /home/ysunem/.netrc
wandb: Currently logged in as: ysunem (ysunem-hong-kong-university-of-science-and-technology) to https://api.wandb.ai. Use `wandb login --relogin` to force relogin
wandb: setting up run h9fctt12
wandb: Tracking run with wandb version 0.25.0
wandb: Run data is saved locally in /scratch/peilab/ysunem/26.2/2.27_CausVid/result/wan_causal_dmd/wandb/run-20260228_153431-h9fctt12
wandb: Run `wandb offline` to turn off syncing.
wandb: Syncing run comic-sound-3
wandb: ⭐️ View project at https://wandb.ai/ysunem-hong-kong-university-of-science-and-technology/2026.2.26_CausVid
wandb: 🚀 View run at https://wandb.ai/ysunem-hong-kong-university-of-science-and-technology/2026.2.26_CausVid/runs/h9fctt12
run dir: /scratch/peilab/ysunem/26.2/2.27_CausVid/result/wan_causal_dmd/wandb/run-20260228_153431-h9fctt12/files
Loading pretrained generator from /scratch/peilab/ysunem/26.2/2.27_CausVid/data/ckpt_ode_pretraining/wan_causal_ode_checkpoint_model_003000/model.pt
Traceback (most recent call last):
  File "/home/ysunem/26.2/2.27_CausVid/code/causvid/train_distillation.py", line 348, in <module>
    main()
  File "/home/ysunem/26.2/2.27_CausVid/code/causvid/train_distillation.py", line 341, in main
    trainer = Trainer(config)
  File "/home/ysunem/26.2/2.27_CausVid/code/causvid/train_distillation.py", line 51, in __init__
    self.distillation_model = DMD(config, device=self.device)
  File "/home/ysunem/26.2/2.27_CausVid/code/causvid/dmd.py", line 70, in __init__
    self.generator.enable_gradient_checkpointing()
  File "/home/ysunem/26.2/2.27_CausVid/code/causvid/models/wan/wan_wrapper.py", line 113, in enable_gradient_checkpointing
    self.model.enable_gradient_checkpointing()
  File "/home/ysunem/miniconda3/envs/causvid/lib/python3.10/site-packages/diffusers/models/modeling_utils.py", line 314, in enable_gradient_checkpointing
    self._set_gradient_checkpointing(enable=True, gradient_checkpointing_func=gradient_checkpointing_func)
TypeError: CausalWanModel._set_gradient_checkpointing() got an unexpected keyword argument 'enable'
[rank0]: Traceback (most recent call last):
[rank0]:   File "/home/ysunem/26.2/2.27_CausVid/code/causvid/train_distillation.py", line 348, in <module>
[rank0]:     main()
[rank0]:   File "/home/ysunem/26.2/2.27_CausVid/code/causvid/train_distillation.py", line 341, in main
[rank0]:     trainer = Trainer(config)
[rank0]:   File "/home/ysunem/26.2/2.27_CausVid/code/causvid/train_distillation.py", line 51, in __init__
[rank0]:     self.distillation_model = DMD(config, device=self.device)
[rank0]:   File "/home/ysunem/26.2/2.27_CausVid/code/causvid/dmd.py", line 70, in __init__
[rank0]:     self.generator.enable_gradient_checkpointing()
[rank0]:   File "/home/ysunem/26.2/2.27_CausVid/code/causvid/models/wan/wan_wrapper.py", line 113, in enable_gradient_checkpointing
[rank0]:     self.model.enable_gradient_checkpointing()
[rank0]:   File "/home/ysunem/miniconda3/envs/causvid/lib/python3.10/site-packages/diffusers/models/modeling_utils.py", line 314, in enable_gradient_checkpointing
[rank0]:     self._set_gradient_checkpointing(enable=True, gradient_checkpointing_func=gradient_checkpointing_func)
[rank0]: TypeError: CausalWanModel._set_gradient_checkpointing() got an unexpected keyword argument 'enable'
[1;34mwandb[0m: 
[1;34mwandb[0m: 🚀 View run [33mcomic-sound-3[0m at: [34mhttps://wandb.ai/ysunem-hong-kong-university-of-science-and-technology/2026.2.26_CausVid/runs/h9fctt12[0m
[1;34mwandb[0m: Find logs at: [1;35m../../../../../scratch/peilab/ysunem/26.2/2.27_CausVid/result/wan_causal_dmd/wandb/run-20260228_153431-h9fctt12/logs[0m
[rank0]:[W228 15:34:53.103240623 ProcessGroupNCCL.cpp:1553] Warning: WARNING: destroy_process_group() was not called before program exit, which can leak resources. For more info, please see https://pytorch.org/docs/stable/distributed.html#shutdown (function operator())
E0228 15:34:58.116000 4152449 site-packages/torch/distributed/elastic/multiprocessing/api.py:984] failed (exitcode: 1) local_rank: 0 (pid: 4152629) of binary: /home/ysunem/miniconda3/envs/causvid/bin/python
Traceback (most recent call last):
  File "/home/ysunem/miniconda3/envs/causvid/lib/python3.10/runpy.py", line 196, in _run_module_as_main
    return _run_code(code, main_globals, None,
  File "/home/ysunem/miniconda3/envs/causvid/lib/python3.10/runpy.py", line 86, in _run_code
    exec(code, run_globals)
  File "/home/ysunem/miniconda3/envs/causvid/lib/python3.10/site-packages/torch/distributed/run.py", line 995, in <module>
    main()
  File "/home/ysunem/miniconda3/envs/causvid/lib/python3.10/site-packages/torch/distributed/elastic/multiprocessing/errors/__init__.py", line 362, in wrapper
    return f(*args, **kwargs)
  File "/home/ysunem/miniconda3/envs/causvid/lib/python3.10/site-packages/torch/distributed/run.py", line 991, in main
    run(args)
  File "/home/ysunem/miniconda3/envs/causvid/lib/python3.10/site-packages/torch/distributed/run.py", line 982, in run
    elastic_launch(
  File "/home/ysunem/miniconda3/envs/causvid/lib/python3.10/site-packages/torch/distributed/launcher/api.py", line 170, in __call__
    return launch_agent(self._config, self._entrypoint, list(args))
  File "/home/ysunem/miniconda3/envs/causvid/lib/python3.10/site-packages/torch/distributed/launcher/api.py", line 317, in launch_agent
    raise ChildFailedError(
torch.distributed.elastic.multiprocessing.errors.ChildFailedError: 
============================================================
causvid/train_distillation.py FAILED
------------------------------------------------------------
Failures:
  <NO_OTHER_FAILURES>
------------------------------------------------------------
Root Cause (first observed failure):
[0]:
  time      : 2026-02-28_15:34:58
  host      : dgx-34.cm.cluster
  rank      : 0 (local_rank: 0)
  exitcode  : 1 (pid: 4152629)
  error_file: <N/A>
  traceback : To enable traceback see: https://pytorch.org/docs/stable/elastic/errors.html
============================================================
