
*****************************************
Setting OMP_NUM_THREADS environment variable for each process to be 1 in default, to avoid your system being overloaded, please further tune the variable for optimal performance in your application as needed. 
*****************************************
Loading pretrained generator from /scratch/peilab/ysunem/26.2/2.27_CausVid/data/ckpt_ode_pretraining/wan_causal_ode_checkpoint_model_003000/model.pt
wandb: [wandb.login()] Using explicit session credentials for https://api.wandb.ai.
wandb: Appending key for api.wandb.ai to your netrc file: /home/ysunem/.netrc
wandb: Currently logged in as: ysunem (ysunem-hong-kong-university-of-science-and-technology) to https://api.wandb.ai. Use `wandb login --relogin` to force relogin
wandb: setting up run ap4557xe
wandb: Tracking run with wandb version 0.25.0
wandb: Run data is saved locally in /scratch/peilab/ysunem/26.2/2.27_CausVid/result/wan_causal_dmd/wandb/run-20260302_141537-ap4557xe
wandb: Run `wandb offline` to turn off syncing.
wandb: Syncing run hardy-moon-17
wandb: ⭐️ View project at https://wandb.ai/ysunem-hong-kong-university-of-science-and-technology/2026.2.26_CausVid
wandb: 🚀 View run at https://wandb.ai/ysunem-hong-kong-university-of-science-and-technology/2026.2.26_CausVid/runs/ap4557xe
run dir: /scratch/peilab/ysunem/26.2/2.27_CausVid/result/wan_causal_dmd/wandb/run-20260302_141537-ap4557xe/files
Loading pretrained generator from /scratch/peilab/ysunem/26.2/2.27_CausVid/data/ckpt_ode_pretraining/wan_causal_ode_checkpoint_model_003000/model.pt
 cache a block wise causal mask with block size of 3 frames
BlockMask(shape=(1, 1, 32768, 32768), sparsity=42.52%, 
(0, 0)
████░░                                  
████░░                                  
████░░░░░░░░                            
██████████░░                            
██████████░░                            
██████████░░░░░░░░                      
████████████████░░                      
████████████████░░                      
████████████████░░░░░░░░                
██████████████████████░░                
██████████████████████░░                
██████████████████████░░░░░░░░          
████████████████████████████░░          
████████████████████████████░░          
████████████████████████████████░░      
████████████████████████████████░░      
████████████████████████████████░░░░░░░░
████████████████████████████████████████
████████████████████████████████████████
████████████████████████████████████████
)
Start gathering distributed model states...
/home/ysunem/miniconda3/envs/causvid/lib/python3.10/site-packages/torch/distributed/fsdp/fully_sharded_data_parallel.py:822: FutureWarning: FSDP.state_dict_type() and FSDP.set_state_dict_type() are being deprecated. Please use APIs, get_state_dict() and set_state_dict(), which can support different parallelisms, FSDP1, FSDP2, DDP. API doc: https://pytorch.org/docs/stable/distributed.checkpoint.html#torch.distributed.checkpoint.state_dict.get_state_dict .Tutorial: https://pytorch.org/tutorials/recipes/distributed_checkpoint_recipe.html .
  prev_state_dict_settings = FullyShardedDataParallel.set_state_dict_type(
/home/ysunem/miniconda3/envs/causvid/lib/python3.10/site-packages/torch/distributed/fsdp/fully_sharded_data_parallel.py:829: FutureWarning: FSDP.state_dict_type() and FSDP.set_state_dict_type() are being deprecated. Please use APIs, get_state_dict() and set_state_dict(), which can support different parallelisms, FSDP1, FSDP2, DDP. API doc: https://pytorch.org/docs/stable/distributed.checkpoint.html#torch.distributed.checkpoint.state_dict.get_state_dict .Tutorial: https://pytorch.org/tutorials/recipes/distributed_checkpoint_recipe.html .
  FullyShardedDataParallel.set_state_dict_type(
wandb: Encoding video...
wandb: Encoding video...
wandb: Encoding video...
wandb: Encoding video...
wandb: Encoding video...
wandb: Encoding video...
wandb: Encoding video...
Start gathering distributed model states...
/home/ysunem/miniconda3/envs/causvid/lib/python3.10/site-packages/torch/distributed/fsdp/fully_sharded_data_parallel.py:822: FutureWarning: FSDP.state_dict_type() and FSDP.set_state_dict_type() are being deprecated. Please use APIs, get_state_dict() and set_state_dict(), which can support different parallelisms, FSDP1, FSDP2, DDP. API doc: https://pytorch.org/docs/stable/distributed.checkpoint.html#torch.distributed.checkpoint.state_dict.get_state_dict .Tutorial: https://pytorch.org/tutorials/recipes/distributed_checkpoint_recipe.html .
  prev_state_dict_settings = FullyShardedDataParallel.set_state_dict_type(
/home/ysunem/miniconda3/envs/causvid/lib/python3.10/site-packages/torch/distributed/fsdp/fully_sharded_data_parallel.py:829: FutureWarning: FSDP.state_dict_type() and FSDP.set_state_dict_type() are being deprecated. Please use APIs, get_state_dict() and set_state_dict(), which can support different parallelisms, FSDP1, FSDP2, DDP. API doc: https://pytorch.org/docs/stable/distributed.checkpoint.html#torch.distributed.checkpoint.state_dict.get_state_dict .Tutorial: https://pytorch.org/tutorials/recipes/distributed_checkpoint_recipe.html .
  FullyShardedDataParallel.set_state_dict_type(
Checkpoint saved at 2026-03-02T14:17:46.914159 -> /scratch/peilab/ysunem/26.2/2.27_CausVid/result/wan_causal_dmd/2026-03-02-14-15-36.798693_seed2207405/checkpoint_model_000000/model.pt
/home/ysunem/miniconda3/envs/causvid/lib/python3.10/site-packages/torch/distributed/c10d_logger.py:83: UserWarning: barrier(): using the device under current context. You can specify `device_id` in `init_process_group` to mute this warning.
  return func(*args, **kwargs)
Start gathering distributed model states...
wandb: Encoding video...
wandb: Encoding video...
wandb: Encoding video...
wandb: Encoding video...
wandb: Encoding video...
wandb: Encoding video...
wandb: Encoding video...
Start gathering distributed model states...
Checkpoint saved at 2026-03-02T14:39:03.537079 -> /scratch/peilab/ysunem/26.2/2.27_CausVid/result/wan_causal_dmd/2026-03-02-14-15-36.798693_seed2207405/checkpoint_model_000200/model.pt
Start gathering distributed model states...
wandb: Encoding video...
wandb: Encoding video...
wandb: Encoding video...
wandb: Encoding video...
wandb: Encoding video...
wandb: Encoding video...
wandb: Encoding video...
Start gathering distributed model states...
Checkpoint saved at 2026-03-02T15:00:16.026910 -> /scratch/peilab/ysunem/26.2/2.27_CausVid/result/wan_causal_dmd/2026-03-02-14-15-36.798693_seed2207405/checkpoint_model_000400/model.pt
Start gathering distributed model states...
wandb: Encoding video...
wandb: Encoding video...
wandb: Encoding video...
wandb: Encoding video...
wandb: Encoding video...
wandb: Encoding video...
wandb: Encoding video...
Start gathering distributed model states...
Checkpoint saved at 2026-03-02T15:21:32.984758 -> /scratch/peilab/ysunem/26.2/2.27_CausVid/result/wan_causal_dmd/2026-03-02-14-15-36.798693_seed2207405/checkpoint_model_000600/model.pt
Start gathering distributed model states...
wandb: Encoding video...
wandb: Encoding video...
wandb: Encoding video...
wandb: Encoding video...
wandb: Encoding video...
wandb: Encoding video...
wandb: Encoding video...
Start gathering distributed model states...
Checkpoint saved at 2026-03-02T15:42:47.377489 -> /scratch/peilab/ysunem/26.2/2.27_CausVid/result/wan_causal_dmd/2026-03-02-14-15-36.798693_seed2207405/checkpoint_model_000800/model.pt
Start gathering distributed model states...
wandb: Encoding video...
wandb: Encoding video...
wandb: Encoding video...
wandb: Encoding video...
wandb: Encoding video...
wandb: Encoding video...
wandb: Encoding video...
Start gathering distributed model states...
Checkpoint saved at 2026-03-02T16:04:01.398448 -> /scratch/peilab/ysunem/26.2/2.27_CausVid/result/wan_causal_dmd/2026-03-02-14-15-36.798693_seed2207405/checkpoint_model_001000/model.pt
Start gathering distributed model states...
wandb: Encoding video...
wandb: Encoding video...
wandb: Encoding video...
wandb: Encoding video...
wandb: Encoding video...
wandb: Encoding video...
wandb: Encoding video...
Start gathering distributed model states...
Checkpoint saved at 2026-03-02T16:25:25.697949 -> /scratch/peilab/ysunem/26.2/2.27_CausVid/result/wan_causal_dmd/2026-03-02-14-15-36.798693_seed2207405/checkpoint_model_001200/model.pt
Start gathering distributed model states...
wandb: Encoding video...
wandb: Encoding video...
wandb: Encoding video...
wandb: Encoding video...
wandb: Encoding video...
wandb: Encoding video...
wandb: Encoding video...
Start gathering distributed model states...
Checkpoint saved at 2026-03-02T16:47:12.522188 -> /scratch/peilab/ysunem/26.2/2.27_CausVid/result/wan_causal_dmd/2026-03-02-14-15-36.798693_seed2207405/checkpoint_model_001400/model.pt
Start gathering distributed model states...
wandb: Encoding video...
wandb: Encoding video...
wandb: Encoding video...
wandb: Encoding video...
wandb: Encoding video...
wandb: Encoding video...
wandb: Encoding video...
Start gathering distributed model states...
Checkpoint saved at 2026-03-02T17:08:42.678263 -> /scratch/peilab/ysunem/26.2/2.27_CausVid/result/wan_causal_dmd/2026-03-02-14-15-36.798693_seed2207405/checkpoint_model_001600/model.pt
slurmstepd: error: *** JOB 349581 ON dgx-08 CANCELLED AT 2026-03-02T17:10:32 ***
