wandb: [wandb.login()] Using explicit session credentials for https://api.wandb.ai.
wandb: Appending key for api.wandb.ai to your netrc file: /home/ysunem/.netrc
wandb: Currently logged in as: ysunem (ysunem-hong-kong-university-of-science-and-technology) to https://api.wandb.ai. Use `wandb login --relogin` to force relogin
wandb: setting up run v5fe1y5d
wandb: Tracking run with wandb version 0.25.0
wandb: Run data is saved locally in /scratch/peilab/ysunem/26.2/2.27_CausVid/result/wan_causal_dmd/wandb/run-20260228_183930-v5fe1y5d
wandb: Run `wandb offline` to turn off syncing.
wandb: Syncing run astral-hill-12
wandb: ⭐️ View project at https://wandb.ai/ysunem-hong-kong-university-of-science-and-technology/2026.2.26_CausVid
wandb: 🚀 View run at https://wandb.ai/ysunem-hong-kong-university-of-science-and-technology/2026.2.26_CausVid/runs/v5fe1y5d
run dir: /scratch/peilab/ysunem/26.2/2.27_CausVid/result/wan_causal_dmd/wandb/run-20260228_183930-v5fe1y5d/files
Loading pretrained generator from /scratch/peilab/ysunem/26.2/2.27_CausVid/data/ckpt_ode_pretraining/wan_causal_ode_checkpoint_model_003000/model.pt
/home/ysunem/miniconda3/envs/causvid/lib/python3.10/site-packages/torch/distributed/fsdp/fully_sharded_data_parallel.py:479: UserWarning: FSDP is switching to use `NO_SHARD` instead of ShardingStrategy.HYBRID_SHARD since the world size is 1.
  _init_core_state(
 cache a block wise causal mask with block size of 3 frames
BlockMask(shape=(1, 1, 32768, 32768), sparsity=42.52%, 
(0, 0)
████░░                                  
████░░                                  
████░░░░░░░░                            
██████████░░                            
██████████░░                            
██████████░░░░░░░░                      
████████████████░░                      
████████████████░░                      
████████████████░░░░░░░░                
██████████████████████░░                
██████████████████████░░                
██████████████████████░░░░░░░░          
████████████████████████████░░          
████████████████████████████░░          
████████████████████████████████░░      
████████████████████████████████░░      
████████████████████████████████░░░░░░░░
████████████████████████████████████████
████████████████████████████████████████
████████████████████████████████████████
)
Traceback (most recent call last):
  File "/home/ysunem/26.2/2.27_CausVid/code/causvid/train_distillation.py", line 348, in <module>
    main()
  File "/home/ysunem/26.2/2.27_CausVid/code/causvid/train_distillation.py", line 342, in main
    trainer.train()
  File "/home/ysunem/26.2/2.27_CausVid/code/causvid/train_distillation.py", line 301, in train
    self.train_one_step()
  File "/home/ysunem/26.2/2.27_CausVid/code/causvid/train_distillation.py", line 245, in train_one_step
    self.critic_optimizer.step()
  File "/home/ysunem/miniconda3/envs/causvid/lib/python3.10/site-packages/torch/optim/optimizer.py", line 526, in wrapper
    out = func(*args, **kwargs)
  File "/home/ysunem/miniconda3/envs/causvid/lib/python3.10/site-packages/torch/optim/optimizer.py", line 81, in _use_grad
    ret = func(*args, **kwargs)
  File "/home/ysunem/miniconda3/envs/causvid/lib/python3.10/site-packages/torch/optim/adam.py", line 248, in step
    adam(
  File "/home/ysunem/miniconda3/envs/causvid/lib/python3.10/site-packages/torch/optim/optimizer.py", line 151, in maybe_fallback
    return func(*args, **kwargs)
  File "/home/ysunem/miniconda3/envs/causvid/lib/python3.10/site-packages/torch/optim/adam.py", line 970, in adam
    func(
  File "/home/ysunem/miniconda3/envs/causvid/lib/python3.10/site-packages/torch/optim/adam.py", line 791, in _multi_tensor_adam
    exp_avg_sq_sqrt = torch._foreach_sqrt(device_exp_avg_sqs)
torch.OutOfMemoryError: CUDA out of memory. Tried to allocate 5.29 GiB. GPU 0 has a total capacity of 79.19 GiB of which 3.13 GiB is free. Including non-PyTorch memory, this process has 76.05 GiB memory in use. Of the allocated memory 69.10 GiB is allocated by PyTorch, and 4.90 GiB is reserved by PyTorch but unallocated. If reserved but unallocated memory is large try setting PYTORCH_ALLOC_CONF=expandable_segments:True to avoid fragmentation.  See documentation for Memory Management  (https://pytorch.org/docs/stable/notes/cuda.html#environment-variables)
[rank0]: Traceback (most recent call last):
[rank0]:   File "/home/ysunem/26.2/2.27_CausVid/code/causvid/train_distillation.py", line 348, in <module>
[rank0]:     main()
[rank0]:   File "/home/ysunem/26.2/2.27_CausVid/code/causvid/train_distillation.py", line 342, in main
[rank0]:     trainer.train()
[rank0]:   File "/home/ysunem/26.2/2.27_CausVid/code/causvid/train_distillation.py", line 301, in train
[rank0]:     self.train_one_step()
[rank0]:   File "/home/ysunem/26.2/2.27_CausVid/code/causvid/train_distillation.py", line 245, in train_one_step
[rank0]:     self.critic_optimizer.step()
[rank0]:   File "/home/ysunem/miniconda3/envs/causvid/lib/python3.10/site-packages/torch/optim/optimizer.py", line 526, in wrapper
[rank0]:     out = func(*args, **kwargs)
[rank0]:   File "/home/ysunem/miniconda3/envs/causvid/lib/python3.10/site-packages/torch/optim/optimizer.py", line 81, in _use_grad
[rank0]:     ret = func(*args, **kwargs)
[rank0]:   File "/home/ysunem/miniconda3/envs/causvid/lib/python3.10/site-packages/torch/optim/adam.py", line 248, in step
[rank0]:     adam(
[rank0]:   File "/home/ysunem/miniconda3/envs/causvid/lib/python3.10/site-packages/torch/optim/optimizer.py", line 151, in maybe_fallback
[rank0]:     return func(*args, **kwargs)
[rank0]:   File "/home/ysunem/miniconda3/envs/causvid/lib/python3.10/site-packages/torch/optim/adam.py", line 970, in adam
[rank0]:     func(
[rank0]:   File "/home/ysunem/miniconda3/envs/causvid/lib/python3.10/site-packages/torch/optim/adam.py", line 791, in _multi_tensor_adam
[rank0]:     exp_avg_sq_sqrt = torch._foreach_sqrt(device_exp_avg_sqs)
[rank0]: torch.OutOfMemoryError: CUDA out of memory. Tried to allocate 5.29 GiB. GPU 0 has a total capacity of 79.19 GiB of which 3.13 GiB is free. Including non-PyTorch memory, this process has 76.05 GiB memory in use. Of the allocated memory 69.10 GiB is allocated by PyTorch, and 4.90 GiB is reserved by PyTorch but unallocated. If reserved but unallocated memory is large try setting PYTORCH_ALLOC_CONF=expandable_segments:True to avoid fragmentation.  See documentation for Memory Management  (https://pytorch.org/docs/stable/notes/cuda.html#environment-variables)
[1;34mwandb[0m: 
[1;34mwandb[0m: 🚀 View run [33mastral-hill-12[0m at: [34mhttps://wandb.ai/ysunem-hong-kong-university-of-science-and-technology/2026.2.26_CausVid/runs/v5fe1y5d[0m
[1;34mwandb[0m: Find logs at: [1;35m../../../../../scratch/peilab/ysunem/26.2/2.27_CausVid/result/wan_causal_dmd/wandb/run-20260228_183930-v5fe1y5d/logs[0m
[rank0]:[W228 18:40:37.355703948 ProcessGroupNCCL.cpp:1553] Warning: WARNING: destroy_process_group() was not called before program exit, which can leak resources. For more info, please see https://pytorch.org/docs/stable/distributed.html#shutdown (function operator())
E0228 18:40:39.330000 3725765 site-packages/torch/distributed/elastic/multiprocessing/api.py:984] failed (exitcode: 1) local_rank: 0 (pid: 3725834) of binary: /home/ysunem/miniconda3/envs/causvid/bin/python
Traceback (most recent call last):
  File "/home/ysunem/miniconda3/envs/causvid/lib/python3.10/runpy.py", line 196, in _run_module_as_main
    return _run_code(code, main_globals, None,
  File "/home/ysunem/miniconda3/envs/causvid/lib/python3.10/runpy.py", line 86, in _run_code
    exec(code, run_globals)
  File "/home/ysunem/miniconda3/envs/causvid/lib/python3.10/site-packages/torch/distributed/run.py", line 995, in <module>
    main()
  File "/home/ysunem/miniconda3/envs/causvid/lib/python3.10/site-packages/torch/distributed/elastic/multiprocessing/errors/__init__.py", line 362, in wrapper
    return f(*args, **kwargs)
  File "/home/ysunem/miniconda3/envs/causvid/lib/python3.10/site-packages/torch/distributed/run.py", line 991, in main
    run(args)
  File "/home/ysunem/miniconda3/envs/causvid/lib/python3.10/site-packages/torch/distributed/run.py", line 982, in run
    elastic_launch(
  File "/home/ysunem/miniconda3/envs/causvid/lib/python3.10/site-packages/torch/distributed/launcher/api.py", line 170, in __call__
    return launch_agent(self._config, self._entrypoint, list(args))
  File "/home/ysunem/miniconda3/envs/causvid/lib/python3.10/site-packages/torch/distributed/launcher/api.py", line 317, in launch_agent
    raise ChildFailedError(
torch.distributed.elastic.multiprocessing.errors.ChildFailedError: 
============================================================
causvid/train_distillation.py FAILED
------------------------------------------------------------
Failures:
  <NO_OTHER_FAILURES>
------------------------------------------------------------
Root Cause (first observed failure):
[0]:
  time      : 2026-02-28_18:40:39
  host      : dgx-43.cm.cluster
  rank      : 0 (local_rank: 0)
  exitcode  : 1 (pid: 3725834)
  error_file: <N/A>
  traceback : To enable traceback see: https://pytorch.org/docs/stable/elastic/errors.html
============================================================
